<?xml version="1.0" encoding="UTF-8"?>
<!-- Generated by org.testng.reporters.JUnitReportReporter -->
<testsuite hostname="LAPTOP-RC74JETD" name="umtcpractice.DownloadsUMTC" tests="2" failures="0" timestamp="23 Jul 2019 06:10:29 GMT" time="29.239" errors="0">
  <testcase name="downloads" time="20.724" classname="umtcpractice.DownloadsUMTC"/>
  <testcase name="lumagda" time="8.515" classname="umtcpractice.DownloadsUMTC"/>
</testsuite> <!-- umtcpractice.DownloadsUMTC -->
