<?xml version="1.0" encoding="UTF-8"?>
<!-- Generated by org.testng.reporters.JUnitReportReporter -->
<testsuite hostname="LAPTOP-RC74JETD" name="umtcpractice.Appearance" tests="2" failures="0" timestamp="17 Jul 2019 01:48:04 GMT" time="29.958" errors="0">
  <testcase name="appearance" time="19.757" classname="umtcpractice.Appearance"/>
  <testcase name="lumagda" time="10.201" classname="umtcpractice.Appearance"/>
</testsuite> <!-- umtcpractice.Appearance -->
