<?xml version="1.0" encoding="UTF-8"?>
<!-- Generated by org.testng.reporters.JUnitReportReporter -->
<testsuite hostname="LAPTOP-RC74JETD" name="umtcpractice.DownloadsUMTC" tests="6" failures="0" timestamp="30 Jul 2019 01:55:48 GMT" time="23.182" errors="5">
  <testcase name="downloads" time="15.968" classname="umtcpractice.DownloadsUMTC">
    <error type="org.sikuli.script.FindFailed" message="C:/Users/DICE205/Downloads/Open.JPG: (94x24) in S(0)[0,0 1366x768] E:Y, T:3.0">
      <![CDATA[FindFailed: C:/Users/DICE205/Downloads/Open.JPG: (94x24) in S(0)[0,0 1366x768] E:Y, T:3.0
  Line 2761, in file Region.java

	at org.sikuli.script.Region.wait(Region.java:2761)
	at org.sikuli.script.Region.find(Region.java:2326)
	at org.sikuli.script.Region.getLocationFromTarget(Region.java:3220)
	at org.sikuli.script.Region.click(Region.java:3718)
	at org.sikuli.script.Region.click(Region.java:3703)
	at umtcpractice.DownloadsUMTC.downloads(DownloadsUMTC.java:126)
	at sun.reflect.NativeMethodAccessorImpl.invoke0(Native Method)
	at sun.reflect.NativeMethodAccessorImpl.invoke(Unknown Source)
	at sun.reflect.DelegatingMethodAccessorImpl.invoke(Unknown Source)
	at java.lang.reflect.Method.invoke(Unknown Source)
	at org.testng.internal.MethodInvocationHelper.invokeMethod(MethodInvocationHelper.java:85)
	at org.testng.internal.Invoker.invokeMethod(Invoker.java:639)
	at org.testng.internal.Invoker.invokeTestMethod(Invoker.java:816)
	at org.testng.internal.Invoker.invokeTestMethods(Invoker.java:1124)
	at org.testng.internal.TestMethodWorker.invokeTestMethods(TestMethodWorker.java:125)
	at org.testng.internal.TestMethodWorker.run(TestMethodWorker.java:108)
	at org.testng.TestRunner.privateRun(TestRunner.java:774)
	at org.testng.TestRunner.run(TestRunner.java:624)
	at org.testng.SuiteRunner.runTest(SuiteRunner.java:359)
	at org.testng.SuiteRunner.access$000(SuiteRunner.java:39)
	at org.testng.SuiteRunner$SuiteWorker.run(SuiteRunner.java:393)
	at org.testng.internal.thread.ThreadUtil$2.call(ThreadUtil.java:64)
	at java.util.concurrent.FutureTask.run(Unknown Source)
	at java.util.concurrent.ThreadPoolExecutor.runWorker(Unknown Source)
	at java.util.concurrent.ThreadPoolExecutor$Worker.run(Unknown Source)
	at java.lang.Thread.run(Unknown Source)
]]>
    </error>
  </testcase> <!-- downloads -->
  <testcase name="lumagda" time="0.000" classname="umtcpractice.DownloadsUMTC">
    <error type="org.openqa.selenium.WebDriverException" message="Failed to connect to binary FirefoxBinary(C:\Program Files\Mozilla Firefox\firefox.exe) on port 7055; process output follows: 
anslators&quot;:null,&quot;contributors&quot;:null,&quot;locales&quot;:[&quot;lo&quot;]},{&quot;name&quot;:&quot;Wikipedija (sl)&quot;,&quot;description&quot;:&quot;Wikipedija, prosta enciklopedija&quot;,&quot;creator&quot;:null,&quot;developers&quot;:null,&quot;translators&quot;:null,&quot;contributors&quot;:null,&quot;locales&quot;:[&quot;sl&quot;]},{&quot;name&quot;:&quot;VikipÄ“dija&quot;,&quot;description&quot;:&quot;VikipÄ“dija, brÄ«vÄ� enciklopÄ“dija&quot;,&quot;creator&quot;:null,&quot;developers&quot;:null,&quot;translators&quot;:null,&quot;contributors&quot;:null,&quot;locales&quot;:[&quot;lv&quot;]},{&quot;name&quot;:&quot;Biquipedia (an)&quot;,&quot;description&quot;:&quot;A enciclopedia Libre&quot;,&quot;creator&quot;:null,&quot;developers&quot;:null,&quot;translators&quot;:null,&quot;contributors&quot;:null,&quot;locales&quot;:[&quot;an&quot;]}],&quot;targetApplications&quot;:[{&quot;id&quot;:&quot;toolkit@mozilla.org&quot;,&quot;minVersion&quot;:null,&quot;maxVersion&quot;:null}],&quot;targetPlatforms&quot;:[],&quot;seen&quot;:true,&quot;dependencies&quot;:[],&quot;incognito&quot;:&quot;spanning&quot;,&quot;userPermissions&quot;:{&quot;permissions&quot;:[],&quot;origins&quot;:[]},&quot;icons&quot;:{&quot;16&quot;:&quot;favicon.ico&quot;},&quot;iconURL&quot;:null,&quot;blocklistState&quot;:0,&quot;blocklistURL&quot;:null,&quot;startupData&quot;:null,&quot;hidden&quot;:true,&quot;installTelemetryInfo&quot;:null,&quot;recommendationState&quot;:null,&quot;rootURI&quot;:&quot;resource://search-extensions/wikipedia/&quot;,&quot;location&quot;:&quot;app-builtin&quot;}
1564451706208	addons.xpi	DEBUG	Loading bootstrap scope from resource://search-extensions/wikipedia/
1564451706208	addons.xpi	DEBUG	Calling bootstrap method install on wikipedia@search.mozilla.org version 1.0
1564451706208	addons.xpi	DEBUG	Calling bootstrap method startup on wikipedia@search.mozilla.org version 1.0
1564451713967	addons.xpi	DEBUG	Calling bootstrap method shutdown on wikipedia@search.mozilla.org version 1.0
1564451713969	addons.xpi	DEBUG	Calling bootstrap method shutdown on webcompat@mozilla.org version 4.3.2
1564451713973	addons.xpi	DEBUG	Calling bootstrap method shutdown on twitter@search.mozilla.org version 1.0
1564451713974	addons.xpi	DEBUG	Calling bootstrap method shutdown on screenshots@mozilla.org version 39.0.0
1564451713976	addons.xpi	DEBUG	Calling bootstrap method shutdown on google@search.mozilla.org version 1.0
1564451713979	addons.xpi	DEBUG	Calling bootstrap method shutdown on fxmonitor@mozilla.org version 3.0
1564451713982	addons.xpi	DEBUG	Calling bootstrap method shutdown on formautofill@mozilla.org version 1.0
1564451713984	addons.xpi	DEBUG	Calling bootstrap method shutdown on ebay@search.mozilla.org version 1.0
1564451713985	addons.xpi	DEBUG	Calling bootstrap method shutdown on default-theme@mozilla.org version 1.0
1564451713986	addons.xpi	DEBUG	Calling bootstrap method shutdown on ddg@search.mozilla.org version 1.0
1564451713987	addons.xpi	DEBUG	Calling bootstrap method shutdown on bing@search.mozilla.org version 1.0
1564451713988	addons.xpi	DEBUG	Calling bootstrap method shutdown on amazondotcom@search.mozilla.org version 1.1
[Parent 17968, Gecko_IOThread] WARNING: pipe error: 109: file z:/task_1563383129/build/src/ipc/chromium/src/chrome/common/ipc_channel_win.cc, line 341
[Child 14016, Chrome_ChildThread] WARNING: pipe error: 109: file z:/task_1563383129/build/src/ipc/chromium/src/chrome/common/ipc_channel_win.cc[,Child 1236, lin Chroe 341
me_ChildThre[aChild 14016d] WARNING: pipe error: 109: file z:/task_1563383129/build/src/ipc/chromium/src/chrome/common/ipc_channel_win.cc, line 341
[Child 1236,[Parent 17968, Gecko_IOThread] WARNING: pipe error: 109: file z:/task_1563383129/build/src/ipc/chromium/src/chrome/common/ipc_channel_win.cc, line 341
[Child 10424, Chrome_ChildThread] WARNING: pipe error: 109: file z:/task_1563383129/build/src/ipc/chromium/src/chrome/common/ipc_channel_win.cc, line 341
[Child 10424, Chrome_Child1564451714945	addons.manager	DEBUG	before shutdown
1564451714948	addons.manager	DEBUG	shutdown
1564451714949	addons.manager	DEBUG	Calling shutdown blocker for XPIProvider
1564451714949	addons.xpi	DEBUG	shutdown
1564451714949	addons.xpi-utils	DEBUG	shutdown
1564451714949	addons.manager	DEBUG	Calling shutdown blocker for GMPProvider
1564451714949	addons.manager	DEBUG	Calling shutdown blocker for PluginProvider
1564451714949	addons.manager	DEBUG	Async provider shutdown done
[GPU
###!!! [Child][RunMessage] Error: Channel closing: too late to send/recv, messages will be lost

 1
###!!! [Child][MessageChannel::SendAndWait] Error: Channel error: cannot send/recv


Build info: version: &#039;2.53.1&#039;, revision: &#039;a36b8b1&#039;, time: &#039;2016-06-30 17:37:03&#039;
System info: host: &#039;LAPTOP-RC74JETD&#039;, ip: &#039;192.168.1.124&#039;, os.name: &#039;Windows 10&#039;, os.arch: &#039;amd64&#039;, os.version: &#039;10.0&#039;, java.version: &#039;1.8.0_211&#039;
Driver info: driver.version: FirefoxDriver">
      <![CDATA[org.openqa.selenium.WebDriverException: Failed to connect to binary FirefoxBinary(C:\Program Files\Mozilla Firefox\firefox.exe) on port 7055; process output follows: 
anslators":null,"contributors":null,"locales":["lo"]},{"name":"Wikipedija (sl)","description":"Wikipedija, prosta enciklopedija","creator":null,"developers":null,"translators":null,"contributors":null,"locales":["sl"]},{"name":"VikipÄ“dija","description":"VikipÄ“dija, brÄ«vÄ� enciklopÄ“dija","creator":null,"developers":null,"translators":null,"contributors":null,"locales":["lv"]},{"name":"Biquipedia (an)","description":"A enciclopedia Libre","creator":null,"developers":null,"translators":null,"contributors":null,"locales":["an"]}],"targetApplications":[{"id":"toolkit@mozilla.org","minVersion":null,"maxVersion":null}],"targetPlatforms":[],"seen":true,"dependencies":[],"incognito":"spanning","userPermissions":{"permissions":[],"origins":[]},"icons":{"16":"favicon.ico"},"iconURL":null,"blocklistState":0,"blocklistURL":null,"startupData":null,"hidden":true,"installTelemetryInfo":null,"recommendationState":null,"rootURI":"resource://search-extensions/wikipedia/","location":"app-builtin"}
1564451706208	addons.xpi	DEBUG	Loading bootstrap scope from resource://search-extensions/wikipedia/
1564451706208	addons.xpi	DEBUG	Calling bootstrap method install on wikipedia@search.mozilla.org version 1.0
1564451706208	addons.xpi	DEBUG	Calling bootstrap method startup on wikipedia@search.mozilla.org version 1.0
1564451713967	addons.xpi	DEBUG	Calling bootstrap method shutdown on wikipedia@search.mozilla.org version 1.0
1564451713969	addons.xpi	DEBUG	Calling bootstrap method shutdown on webcompat@mozilla.org version 4.3.2
1564451713973	addons.xpi	DEBUG	Calling bootstrap method shutdown on twitter@search.mozilla.org version 1.0
1564451713974	addons.xpi	DEBUG	Calling bootstrap method shutdown on screenshots@mozilla.org version 39.0.0
1564451713976	addons.xpi	DEBUG	Calling bootstrap method shutdown on google@search.mozilla.org version 1.0
1564451713979	addons.xpi	DEBUG	Calling bootstrap method shutdown on fxmonitor@mozilla.org version 3.0
1564451713982	addons.xpi	DEBUG	Calling bootstrap method shutdown on formautofill@mozilla.org version 1.0
1564451713984	addons.xpi	DEBUG	Calling bootstrap method shutdown on ebay@search.mozilla.org version 1.0
1564451713985	addons.xpi	DEBUG	Calling bootstrap method shutdown on default-theme@mozilla.org version 1.0
1564451713986	addons.xpi	DEBUG	Calling bootstrap method shutdown on ddg@search.mozilla.org version 1.0
1564451713987	addons.xpi	DEBUG	Calling bootstrap method shutdown on bing@search.mozilla.org version 1.0
1564451713988	addons.xpi	DEBUG	Calling bootstrap method shutdown on amazondotcom@search.mozilla.org version 1.1
[Parent 17968, Gecko_IOThread] WARNING: pipe error: 109: file z:/task_1563383129/build/src/ipc/chromium/src/chrome/common/ipc_channel_win.cc, line 341
[Child 14016, Chrome_ChildThread] WARNING: pipe error: 109: file z:/task_1563383129/build/src/ipc/chromium/src/chrome/common/ipc_channel_win.cc[,Child 1236, lin Chroe 341
me_ChildThre[aChild 14016d] WARNING: pipe error: 109: file z:/task_1563383129/build/src/ipc/chromium/src/chrome/common/ipc_channel_win.cc, line 341
[Child 1236,[Parent 17968, Gecko_IOThread] WARNING: pipe error: 109: file z:/task_1563383129/build/src/ipc/chromium/src/chrome/common/ipc_channel_win.cc, line 341
[Child 10424, Chrome_ChildThread] WARNING: pipe error: 109: file z:/task_1563383129/build/src/ipc/chromium/src/chrome/common/ipc_channel_win.cc, line 341
[Child 10424, Chrome_Child1564451714945	addons.manager	DEBUG	before shutdown
1564451714948	addons.manager	DEBUG	shutdown
1564451714949	addons.manager	DEBUG	Calling shutdown blocker for XPIProvider
1564451714949	addons.xpi	DEBUG	shutdown
1564451714949	addons.xpi-utils	DEBUG	shutdown
1564451714949	addons.manager	DEBUG	Calling shutdown blocker for GMPProvider
1564451714949	addons.manager	DEBUG	Calling shutdown blocker for PluginProvider
1564451714949	addons.manager	DEBUG	Async provider shutdown done
[GPU
###!!! [Child][RunMessage] Error: Channel closing: too late to send/recv, messages will be lost

 1
###!!! [Child][MessageChannel::SendAndWait] Error: Channel error: cannot send/recv


Build info: version: '2.53.1', revision: 'a36b8b1', time: '2016-06-30 17:37:03'
System info: host: 'LAPTOP-RC74JETD', ip: '192.168.1.124', os.name: 'Windows 10', os.arch: 'amd64', os.version: '10.0', java.version: '1.8.0_211'
Driver info: driver.version: FirefoxDriver
	at org.openqa.selenium.firefox.internal.NewProfileExtensionConnection.start(NewProfileExtensionConnection.java:124)
	at org.openqa.selenium.firefox.FirefoxDriver.startClient(FirefoxDriver.java:271)
	at org.openqa.selenium.remote.RemoteWebDriver.<init>(RemoteWebDriver.java:119)
	at org.openqa.selenium.firefox.FirefoxDriver.<init>(FirefoxDriver.java:218)
	at org.openqa.selenium.firefox.FirefoxDriver.<init>(FirefoxDriver.java:211)
	at org.openqa.selenium.firefox.FirefoxDriver.<init>(FirefoxDriver.java:207)
	at org.openqa.selenium.firefox.FirefoxDriver.<init>(FirefoxDriver.java:120)
	at umtcpractice.VariablesAndBrowser.MultipleBrowser(VariablesAndBrowser.java:80)
	at sun.reflect.NativeMethodAccessorImpl.invoke0(Native Method)
	at sun.reflect.NativeMethodAccessorImpl.invoke(Unknown Source)
	at sun.reflect.DelegatingMethodAccessorImpl.invoke(Unknown Source)
	at java.lang.reflect.Method.invoke(Unknown Source)
	at org.testng.internal.MethodInvocationHelper.invokeMethod(MethodInvocationHelper.java:85)
	at org.testng.internal.Invoker.invokeConfigurationMethod(Invoker.java:510)
	at org.testng.internal.Invoker.invokeConfigurations(Invoker.java:211)
	at org.testng.internal.Invoker.invokeConfigurations(Invoker.java:138)
	at org.testng.internal.TestMethodWorker.invokeBeforeClassMethods(TestMethodWorker.java:170)
	at org.testng.internal.TestMethodWorker.run(TestMethodWorker.java:104)
	at org.testng.TestRunner.privateRun(TestRunner.java:774)
	at org.testng.TestRunner.run(TestRunner.java:624)
	at org.testng.SuiteRunner.runTest(SuiteRunner.java:359)
	at org.testng.SuiteRunner.access$000(SuiteRunner.java:39)
	at org.testng.SuiteRunner$SuiteWorker.run(SuiteRunner.java:393)
	at org.testng.internal.thread.ThreadUtil$2.call(ThreadUtil.java:64)
	at java.util.concurrent.FutureTask.run(Unknown Source)
	at java.util.concurrent.ThreadPoolExecutor.runWorker(Unknown Source)
	at java.util.concurrent.ThreadPoolExecutor$Worker.run(Unknown Source)
	at java.lang.Thread.run(Unknown Source)
Caused by: org.openqa.selenium.firefox.NotConnectedException: Unable to connect to host 127.0.0.1 on port 7055 after 45000 ms. Firefox console output:
anslators":null,"contributors":null,"locales":["lo"]},{"name":"Wikipedija (sl)","description":"Wikipedija, prosta enciklopedija","creator":null,"developers":null,"translators":null,"contributors":null,"locales":["sl"]},{"name":"VikipÄ“dija","description":"VikipÄ“dija, brÄ«vÄ� enciklopÄ“dija","creator":null,"developers":null,"translators":null,"contributors":null,"locales":["lv"]},{"name":"Biquipedia (an)","description":"A enciclopedia Libre","creator":null,"developers":null,"translators":null,"contributors":null,"locales":["an"]}],"targetApplications":[{"id":"toolkit@mozilla.org","minVersion":null,"maxVersion":null}],"targetPlatforms":[],"seen":true,"dependencies":[],"incognito":"spanning","userPermissions":{"permissions":[],"origins":[]},"icons":{"16":"favicon.ico"},"iconURL":null,"blocklistState":0,"blocklistURL":null,"startupData":null,"hidden":true,"installTelemetryInfo":null,"recommendationState":null,"rootURI":"resource://search-extensions/wikipedia/","location":"app-builtin"}
1564451706208	addons.xpi	DEBUG	Loading bootstrap scope from resource://search-extensions/wikipedia/
1564451706208	addons.xpi	DEBUG	Calling bootstrap method install on wikipedia@search.mozilla.org version 1.0
1564451706208	addons.xpi	DEBUG	Calling bootstrap method startup on wikipedia@search.mozilla.org version 1.0
1564451713967	addons.xpi	DEBUG	Calling bootstrap method shutdown on wikipedia@search.mozilla.org version 1.0
1564451713969	addons.xpi	DEBUG	Calling bootstrap method shutdown on webcompat@mozilla.org version 4.3.2
1564451713973	addons.xpi	DEBUG	Calling bootstrap method shutdown on twitter@search.mozilla.org version 1.0
1564451713974	addons.xpi	DEBUG	Calling bootstrap method shutdown on screenshots@mozilla.org version 39.0.0
1564451713976	addons.xpi	DEBUG	Calling bootstrap method shutdown on google@search.mozilla.org version 1.0
1564451713979	addons.xpi	DEBUG	Calling bootstrap method shutdown on fxmonitor@mozilla.org version 3.0
1564451713982	addons.xpi	DEBUG	Calling bootstrap method shutdown on formautofill@mozilla.org version 1.0
1564451713984	addons.xpi	DEBUG	Calling bootstrap method shutdown on ebay@search.mozilla.org version 1.0
1564451713985	addons.xpi	DEBUG	Calling bootstrap method shutdown on default-theme@mozilla.org version 1.0
1564451713986	addons.xpi	DEBUG	Calling bootstrap method shutdown on ddg@search.mozilla.org version 1.0
1564451713987	addons.xpi	DEBUG	Calling bootstrap method shutdown on bing@search.mozilla.org version 1.0
1564451713988	addons.xpi	DEBUG	Calling bootstrap method shutdown on amazondotcom@search.mozilla.org version 1.1
[Parent 17968, Gecko_IOThread] WARNING: pipe error: 109: file z:/task_1563383129/build/src/ipc/chromium/src/chrome/common/ipc_channel_win.cc, line 341
[Child 14016, Chrome_ChildThread] WARNING: pipe error: 109: file z:/task_1563383129/build/src/ipc/chromium/src/chrome/common/ipc_channel_win.cc[,Child 1236, lin Chroe 341
me_ChildThre[aChild 14016d] WARNING: pipe error: 109: file z:/task_1563383129/build/src/ipc/chromium/src/chrome/common/ipc_channel_win.cc, line 341
[Child 1236,[Parent 17968, Gecko_IOThread] WARNING: pipe error: 109: file z:/task_1563383129/build/src/ipc/chromium/src/chrome/common/ipc_channel_win.cc, line 341
[Child 10424, Chrome_ChildThread] WARNING: pipe error: 109: file z:/task_1563383129/build/src/ipc/chromium/src/chrome/common/ipc_channel_win.cc, line 341
[Child 10424, Chrome_Child1564451714945	addons.manager	DEBUG	before shutdown
1564451714948	addons.manager	DEBUG	shutdown
1564451714949	addons.manager	DEBUG	Calling shutdown blocker for XPIProvider
1564451714949	addons.xpi	DEBUG	shutdown
1564451714949	addons.xpi-utils	DEBUG	shutdown
1564451714949	addons.manager	DEBUG	Calling shutdown blocker for GMPProvider
1564451714949	addons.manager	DEBUG	Calling shutdown blocker for PluginProvider
1564451714949	addons.manager	DEBUG	Async provider shutdown done
[GPU
###!!! [Child][RunMessage] Error: Channel closing: too late to send/recv, messages will be lost

 1
###!!! [Child][MessageChannel::SendAndWait] Error: Channel error: cannot send/recv


	at org.openqa.selenium.firefox.internal.NewProfileExtensionConnection.start(NewProfileExtensionConnection.java:112)
	... 27 more
]]>
    </error>
  </testcase> <!-- lumagda -->
  <testcase name="downloads" time="0.000" classname="umtcpractice.DownloadsUMTC">
    <error type="java.lang.Throwable" message="Method DownloadsUMTC.downloads()[pri:2, instance:umtcpractice.DownloadsUMTC@44f75083] depends on not successfully finished methods">
      <![CDATA[java.lang.Throwable: Method DownloadsUMTC.downloads()[pri:2, instance:umtcpractice.DownloadsUMTC@44f75083] depends on not successfully finished methods
	at org.testng.internal.Invoker.invokeTestMethods(Invoker.java:1033)
	at org.testng.internal.TestMethodWorker.invokeTestMethods(TestMethodWorker.java:125)
	at org.testng.internal.TestMethodWorker.run(TestMethodWorker.java:108)
	at org.testng.TestRunner.privateRun(TestRunner.java:774)
	at org.testng.TestRunner.run(TestRunner.java:624)
	at org.testng.SuiteRunner.runTest(SuiteRunner.java:359)
	at org.testng.SuiteRunner.access$000(SuiteRunner.java:39)
	at org.testng.SuiteRunner$SuiteWorker.run(SuiteRunner.java:393)
	at org.testng.internal.thread.ThreadUtil$2.call(ThreadUtil.java:64)
	at java.util.concurrent.FutureTask.run(Unknown Source)
	at java.util.concurrent.ThreadPoolExecutor.runWorker(Unknown Source)
	at java.util.concurrent.ThreadPoolExecutor$Worker.run(Unknown Source)
	at java.lang.Thread.run(Unknown Source)
]]>
    </error>
  </testcase> <!-- downloads -->
  <testcase name="lumagda" time="7.212" classname="umtcpractice.DownloadsUMTC"/>
  <testcase name="lumagda" time="0.002" classname="umtcpractice.DownloadsUMTC">
    <error type="org.openqa.selenium.WebDriverException" message="Failed to connect to binary FirefoxBinary(C:\Program Files\Mozilla Firefox\firefox.exe) on port 7055; process output follows: 
anslators&quot;:null,&quot;contributors&quot;:null,&quot;locales&quot;:[&quot;lo&quot;]},{&quot;name&quot;:&quot;Wikipedija (sl)&quot;,&quot;description&quot;:&quot;Wikipedija, prosta enciklopedija&quot;,&quot;creator&quot;:null,&quot;developers&quot;:null,&quot;translators&quot;:null,&quot;contributors&quot;:null,&quot;locales&quot;:[&quot;sl&quot;]},{&quot;name&quot;:&quot;VikipÄ“dija&quot;,&quot;description&quot;:&quot;VikipÄ“dija, brÄ«vÄ� enciklopÄ“dija&quot;,&quot;creator&quot;:null,&quot;developers&quot;:null,&quot;translators&quot;:null,&quot;contributors&quot;:null,&quot;locales&quot;:[&quot;lv&quot;]},{&quot;name&quot;:&quot;Biquipedia (an)&quot;,&quot;description&quot;:&quot;A enciclopedia Libre&quot;,&quot;creator&quot;:null,&quot;developers&quot;:null,&quot;translators&quot;:null,&quot;contributors&quot;:null,&quot;locales&quot;:[&quot;an&quot;]}],&quot;targetApplications&quot;:[{&quot;id&quot;:&quot;toolkit@mozilla.org&quot;,&quot;minVersion&quot;:null,&quot;maxVersion&quot;:null}],&quot;targetPlatforms&quot;:[],&quot;seen&quot;:true,&quot;dependencies&quot;:[],&quot;incognito&quot;:&quot;spanning&quot;,&quot;userPermissions&quot;:{&quot;permissions&quot;:[],&quot;origins&quot;:[]},&quot;icons&quot;:{&quot;16&quot;:&quot;favicon.ico&quot;},&quot;iconURL&quot;:null,&quot;blocklistState&quot;:0,&quot;blocklistURL&quot;:null,&quot;startupData&quot;:null,&quot;hidden&quot;:true,&quot;installTelemetryInfo&quot;:null,&quot;recommendationState&quot;:null,&quot;rootURI&quot;:&quot;resource://search-extensions/wikipedia/&quot;,&quot;location&quot;:&quot;app-builtin&quot;}
1564451706208	addons.xpi	DEBUG	Loading bootstrap scope from resource://search-extensions/wikipedia/
1564451706208	addons.xpi	DEBUG	Calling bootstrap method install on wikipedia@search.mozilla.org version 1.0
1564451706208	addons.xpi	DEBUG	Calling bootstrap method startup on wikipedia@search.mozilla.org version 1.0
1564451713967	addons.xpi	DEBUG	Calling bootstrap method shutdown on wikipedia@search.mozilla.org version 1.0
1564451713969	addons.xpi	DEBUG	Calling bootstrap method shutdown on webcompat@mozilla.org version 4.3.2
1564451713973	addons.xpi	DEBUG	Calling bootstrap method shutdown on twitter@search.mozilla.org version 1.0
1564451713974	addons.xpi	DEBUG	Calling bootstrap method shutdown on screenshots@mozilla.org version 39.0.0
1564451713976	addons.xpi	DEBUG	Calling bootstrap method shutdown on google@search.mozilla.org version 1.0
1564451713979	addons.xpi	DEBUG	Calling bootstrap method shutdown on fxmonitor@mozilla.org version 3.0
1564451713982	addons.xpi	DEBUG	Calling bootstrap method shutdown on formautofill@mozilla.org version 1.0
1564451713984	addons.xpi	DEBUG	Calling bootstrap method shutdown on ebay@search.mozilla.org version 1.0
1564451713985	addons.xpi	DEBUG	Calling bootstrap method shutdown on default-theme@mozilla.org version 1.0
1564451713986	addons.xpi	DEBUG	Calling bootstrap method shutdown on ddg@search.mozilla.org version 1.0
1564451713987	addons.xpi	DEBUG	Calling bootstrap method shutdown on bing@search.mozilla.org version 1.0
1564451713988	addons.xpi	DEBUG	Calling bootstrap method shutdown on amazondotcom@search.mozilla.org version 1.1
[Parent 17968, Gecko_IOThread] WARNING: pipe error: 109: file z:/task_1563383129/build/src/ipc/chromium/src/chrome/common/ipc_channel_win.cc, line 341
[Child 14016, Chrome_ChildThread] WARNING: pipe error: 109: file z:/task_1563383129/build/src/ipc/chromium/src/chrome/common/ipc_channel_win.cc[,Child 1236, lin Chroe 341
me_ChildThre[aChild 14016d] WARNING: pipe error: 109: file z:/task_1563383129/build/src/ipc/chromium/src/chrome/common/ipc_channel_win.cc, line 341
[Child 1236,[Parent 17968, Gecko_IOThread] WARNING: pipe error: 109: file z:/task_1563383129/build/src/ipc/chromium/src/chrome/common/ipc_channel_win.cc, line 341
[Child 10424, Chrome_ChildThread] WARNING: pipe error: 109: file z:/task_1563383129/build/src/ipc/chromium/src/chrome/common/ipc_channel_win.cc, line 341
[Child 10424, Chrome_Child1564451714945	addons.manager	DEBUG	before shutdown
1564451714948	addons.manager	DEBUG	shutdown
1564451714949	addons.manager	DEBUG	Calling shutdown blocker for XPIProvider
1564451714949	addons.xpi	DEBUG	shutdown
1564451714949	addons.xpi-utils	DEBUG	shutdown
1564451714949	addons.manager	DEBUG	Calling shutdown blocker for GMPProvider
1564451714949	addons.manager	DEBUG	Calling shutdown blocker for PluginProvider
1564451714949	addons.manager	DEBUG	Async provider shutdown done
[GPU
###!!! [Child][RunMessage] Error: Channel closing: too late to send/recv, messages will be lost

 1
###!!! [Child][MessageChannel::SendAndWait] Error: Channel error: cannot send/recv


Build info: version: &#039;2.53.1&#039;, revision: &#039;a36b8b1&#039;, time: &#039;2016-06-30 17:37:03&#039;
System info: host: &#039;LAPTOP-RC74JETD&#039;, ip: &#039;192.168.1.124&#039;, os.name: &#039;Windows 10&#039;, os.arch: &#039;amd64&#039;, os.version: &#039;10.0&#039;, java.version: &#039;1.8.0_211&#039;
Driver info: driver.version: FirefoxDriver">
      <![CDATA[org.openqa.selenium.WebDriverException: Failed to connect to binary FirefoxBinary(C:\Program Files\Mozilla Firefox\firefox.exe) on port 7055; process output follows: 
anslators":null,"contributors":null,"locales":["lo"]},{"name":"Wikipedija (sl)","description":"Wikipedija, prosta enciklopedija","creator":null,"developers":null,"translators":null,"contributors":null,"locales":["sl"]},{"name":"VikipÄ“dija","description":"VikipÄ“dija, brÄ«vÄ� enciklopÄ“dija","creator":null,"developers":null,"translators":null,"contributors":null,"locales":["lv"]},{"name":"Biquipedia (an)","description":"A enciclopedia Libre","creator":null,"developers":null,"translators":null,"contributors":null,"locales":["an"]}],"targetApplications":[{"id":"toolkit@mozilla.org","minVersion":null,"maxVersion":null}],"targetPlatforms":[],"seen":true,"dependencies":[],"incognito":"spanning","userPermissions":{"permissions":[],"origins":[]},"icons":{"16":"favicon.ico"},"iconURL":null,"blocklistState":0,"blocklistURL":null,"startupData":null,"hidden":true,"installTelemetryInfo":null,"recommendationState":null,"rootURI":"resource://search-extensions/wikipedia/","location":"app-builtin"}
1564451706208	addons.xpi	DEBUG	Loading bootstrap scope from resource://search-extensions/wikipedia/
1564451706208	addons.xpi	DEBUG	Calling bootstrap method install on wikipedia@search.mozilla.org version 1.0
1564451706208	addons.xpi	DEBUG	Calling bootstrap method startup on wikipedia@search.mozilla.org version 1.0
1564451713967	addons.xpi	DEBUG	Calling bootstrap method shutdown on wikipedia@search.mozilla.org version 1.0
1564451713969	addons.xpi	DEBUG	Calling bootstrap method shutdown on webcompat@mozilla.org version 4.3.2
1564451713973	addons.xpi	DEBUG	Calling bootstrap method shutdown on twitter@search.mozilla.org version 1.0
1564451713974	addons.xpi	DEBUG	Calling bootstrap method shutdown on screenshots@mozilla.org version 39.0.0
1564451713976	addons.xpi	DEBUG	Calling bootstrap method shutdown on google@search.mozilla.org version 1.0
1564451713979	addons.xpi	DEBUG	Calling bootstrap method shutdown on fxmonitor@mozilla.org version 3.0
1564451713982	addons.xpi	DEBUG	Calling bootstrap method shutdown on formautofill@mozilla.org version 1.0
1564451713984	addons.xpi	DEBUG	Calling bootstrap method shutdown on ebay@search.mozilla.org version 1.0
1564451713985	addons.xpi	DEBUG	Calling bootstrap method shutdown on default-theme@mozilla.org version 1.0
1564451713986	addons.xpi	DEBUG	Calling bootstrap method shutdown on ddg@search.mozilla.org version 1.0
1564451713987	addons.xpi	DEBUG	Calling bootstrap method shutdown on bing@search.mozilla.org version 1.0
1564451713988	addons.xpi	DEBUG	Calling bootstrap method shutdown on amazondotcom@search.mozilla.org version 1.1
[Parent 17968, Gecko_IOThread] WARNING: pipe error: 109: file z:/task_1563383129/build/src/ipc/chromium/src/chrome/common/ipc_channel_win.cc, line 341
[Child 14016, Chrome_ChildThread] WARNING: pipe error: 109: file z:/task_1563383129/build/src/ipc/chromium/src/chrome/common/ipc_channel_win.cc[,Child 1236, lin Chroe 341
me_ChildThre[aChild 14016d] WARNING: pipe error: 109: file z:/task_1563383129/build/src/ipc/chromium/src/chrome/common/ipc_channel_win.cc, line 341
[Child 1236,[Parent 17968, Gecko_IOThread] WARNING: pipe error: 109: file z:/task_1563383129/build/src/ipc/chromium/src/chrome/common/ipc_channel_win.cc, line 341
[Child 10424, Chrome_ChildThread] WARNING: pipe error: 109: file z:/task_1563383129/build/src/ipc/chromium/src/chrome/common/ipc_channel_win.cc, line 341
[Child 10424, Chrome_Child1564451714945	addons.manager	DEBUG	before shutdown
1564451714948	addons.manager	DEBUG	shutdown
1564451714949	addons.manager	DEBUG	Calling shutdown blocker for XPIProvider
1564451714949	addons.xpi	DEBUG	shutdown
1564451714949	addons.xpi-utils	DEBUG	shutdown
1564451714949	addons.manager	DEBUG	Calling shutdown blocker for GMPProvider
1564451714949	addons.manager	DEBUG	Calling shutdown blocker for PluginProvider
1564451714949	addons.manager	DEBUG	Async provider shutdown done
[GPU
###!!! [Child][RunMessage] Error: Channel closing: too late to send/recv, messages will be lost

 1
###!!! [Child][MessageChannel::SendAndWait] Error: Channel error: cannot send/recv


Build info: version: '2.53.1', revision: 'a36b8b1', time: '2016-06-30 17:37:03'
System info: host: 'LAPTOP-RC74JETD', ip: '192.168.1.124', os.name: 'Windows 10', os.arch: 'amd64', os.version: '10.0', java.version: '1.8.0_211'
Driver info: driver.version: FirefoxDriver
	at org.openqa.selenium.firefox.internal.NewProfileExtensionConnection.start(NewProfileExtensionConnection.java:124)
	at org.openqa.selenium.firefox.FirefoxDriver.startClient(FirefoxDriver.java:271)
	at org.openqa.selenium.remote.RemoteWebDriver.<init>(RemoteWebDriver.java:119)
	at org.openqa.selenium.firefox.FirefoxDriver.<init>(FirefoxDriver.java:218)
	at org.openqa.selenium.firefox.FirefoxDriver.<init>(FirefoxDriver.java:211)
	at org.openqa.selenium.firefox.FirefoxDriver.<init>(FirefoxDriver.java:207)
	at org.openqa.selenium.firefox.FirefoxDriver.<init>(FirefoxDriver.java:120)
	at umtcpractice.VariablesAndBrowser.MultipleBrowser(VariablesAndBrowser.java:80)
	at sun.reflect.NativeMethodAccessorImpl.invoke0(Native Method)
	at sun.reflect.NativeMethodAccessorImpl.invoke(Unknown Source)
	at sun.reflect.DelegatingMethodAccessorImpl.invoke(Unknown Source)
	at java.lang.reflect.Method.invoke(Unknown Source)
	at org.testng.internal.MethodInvocationHelper.invokeMethod(MethodInvocationHelper.java:85)
	at org.testng.internal.Invoker.invokeConfigurationMethod(Invoker.java:510)
	at org.testng.internal.Invoker.invokeConfigurations(Invoker.java:211)
	at org.testng.internal.Invoker.invokeConfigurations(Invoker.java:138)
	at org.testng.internal.TestMethodWorker.invokeBeforeClassMethods(TestMethodWorker.java:170)
	at org.testng.internal.TestMethodWorker.run(TestMethodWorker.java:104)
	at org.testng.TestRunner.privateRun(TestRunner.java:774)
	at org.testng.TestRunner.run(TestRunner.java:624)
	at org.testng.SuiteRunner.runTest(SuiteRunner.java:359)
	at org.testng.SuiteRunner.access$000(SuiteRunner.java:39)
	at org.testng.SuiteRunner$SuiteWorker.run(SuiteRunner.java:393)
	at org.testng.internal.thread.ThreadUtil$2.call(ThreadUtil.java:64)
	at java.util.concurrent.FutureTask.run(Unknown Source)
	at java.util.concurrent.ThreadPoolExecutor.runWorker(Unknown Source)
	at java.util.concurrent.ThreadPoolExecutor$Worker.run(Unknown Source)
	at java.lang.Thread.run(Unknown Source)
Caused by: org.openqa.selenium.firefox.NotConnectedException: Unable to connect to host 127.0.0.1 on port 7055 after 45000 ms. Firefox console output:
anslators":null,"contributors":null,"locales":["lo"]},{"name":"Wikipedija (sl)","description":"Wikipedija, prosta enciklopedija","creator":null,"developers":null,"translators":null,"contributors":null,"locales":["sl"]},{"name":"VikipÄ“dija","description":"VikipÄ“dija, brÄ«vÄ� enciklopÄ“dija","creator":null,"developers":null,"translators":null,"contributors":null,"locales":["lv"]},{"name":"Biquipedia (an)","description":"A enciclopedia Libre","creator":null,"developers":null,"translators":null,"contributors":null,"locales":["an"]}],"targetApplications":[{"id":"toolkit@mozilla.org","minVersion":null,"maxVersion":null}],"targetPlatforms":[],"seen":true,"dependencies":[],"incognito":"spanning","userPermissions":{"permissions":[],"origins":[]},"icons":{"16":"favicon.ico"},"iconURL":null,"blocklistState":0,"blocklistURL":null,"startupData":null,"hidden":true,"installTelemetryInfo":null,"recommendationState":null,"rootURI":"resource://search-extensions/wikipedia/","location":"app-builtin"}
1564451706208	addons.xpi	DEBUG	Loading bootstrap scope from resource://search-extensions/wikipedia/
1564451706208	addons.xpi	DEBUG	Calling bootstrap method install on wikipedia@search.mozilla.org version 1.0
1564451706208	addons.xpi	DEBUG	Calling bootstrap method startup on wikipedia@search.mozilla.org version 1.0
1564451713967	addons.xpi	DEBUG	Calling bootstrap method shutdown on wikipedia@search.mozilla.org version 1.0
1564451713969	addons.xpi	DEBUG	Calling bootstrap method shutdown on webcompat@mozilla.org version 4.3.2
1564451713973	addons.xpi	DEBUG	Calling bootstrap method shutdown on twitter@search.mozilla.org version 1.0
1564451713974	addons.xpi	DEBUG	Calling bootstrap method shutdown on screenshots@mozilla.org version 39.0.0
1564451713976	addons.xpi	DEBUG	Calling bootstrap method shutdown on google@search.mozilla.org version 1.0
1564451713979	addons.xpi	DEBUG	Calling bootstrap method shutdown on fxmonitor@mozilla.org version 3.0
1564451713982	addons.xpi	DEBUG	Calling bootstrap method shutdown on formautofill@mozilla.org version 1.0
1564451713984	addons.xpi	DEBUG	Calling bootstrap method shutdown on ebay@search.mozilla.org version 1.0
1564451713985	addons.xpi	DEBUG	Calling bootstrap method shutdown on default-theme@mozilla.org version 1.0
1564451713986	addons.xpi	DEBUG	Calling bootstrap method shutdown on ddg@search.mozilla.org version 1.0
1564451713987	addons.xpi	DEBUG	Calling bootstrap method shutdown on bing@search.mozilla.org version 1.0
1564451713988	addons.xpi	DEBUG	Calling bootstrap method shutdown on amazondotcom@search.mozilla.org version 1.1
[Parent 17968, Gecko_IOThread] WARNING: pipe error: 109: file z:/task_1563383129/build/src/ipc/chromium/src/chrome/common/ipc_channel_win.cc, line 341
[Child 14016, Chrome_ChildThread] WARNING: pipe error: 109: file z:/task_1563383129/build/src/ipc/chromium/src/chrome/common/ipc_channel_win.cc[,Child 1236, lin Chroe 341
me_ChildThre[aChild 14016d] WARNING: pipe error: 109: file z:/task_1563383129/build/src/ipc/chromium/src/chrome/common/ipc_channel_win.cc, line 341
[Child 1236,[Parent 17968, Gecko_IOThread] WARNING: pipe error: 109: file z:/task_1563383129/build/src/ipc/chromium/src/chrome/common/ipc_channel_win.cc, line 341
[Child 10424, Chrome_ChildThread] WARNING: pipe error: 109: file z:/task_1563383129/build/src/ipc/chromium/src/chrome/common/ipc_channel_win.cc, line 341
[Child 10424, Chrome_Child1564451714945	addons.manager	DEBUG	before shutdown
1564451714948	addons.manager	DEBUG	shutdown
1564451714949	addons.manager	DEBUG	Calling shutdown blocker for XPIProvider
1564451714949	addons.xpi	DEBUG	shutdown
1564451714949	addons.xpi-utils	DEBUG	shutdown
1564451714949	addons.manager	DEBUG	Calling shutdown blocker for GMPProvider
1564451714949	addons.manager	DEBUG	Calling shutdown blocker for PluginProvider
1564451714949	addons.manager	DEBUG	Async provider shutdown done
[GPU
###!!! [Child][RunMessage] Error: Channel closing: too late to send/recv, messages will be lost

 1
###!!! [Child][MessageChannel::SendAndWait] Error: Channel error: cannot send/recv


	at org.openqa.selenium.firefox.internal.NewProfileExtensionConnection.start(NewProfileExtensionConnection.java:112)
	... 27 more
]]>
    </error>
  </testcase> <!-- lumagda -->
  <testcase name="downloads" time="0.000" classname="umtcpractice.DownloadsUMTC">
    <error type="java.lang.Throwable" message="Method DownloadsUMTC.downloads()[pri:2, instance:umtcpractice.DownloadsUMTC@73d4cc9e] depends on not successfully finished methods">
      <![CDATA[java.lang.Throwable: Method DownloadsUMTC.downloads()[pri:2, instance:umtcpractice.DownloadsUMTC@73d4cc9e] depends on not successfully finished methods
	at org.testng.internal.Invoker.invokeTestMethods(Invoker.java:1033)
	at org.testng.internal.TestMethodWorker.invokeTestMethods(TestMethodWorker.java:125)
	at org.testng.internal.TestMethodWorker.run(TestMethodWorker.java:108)
	at org.testng.TestRunner.privateRun(TestRunner.java:774)
	at org.testng.TestRunner.run(TestRunner.java:624)
	at org.testng.SuiteRunner.runTest(SuiteRunner.java:359)
	at org.testng.SuiteRunner.access$000(SuiteRunner.java:39)
	at org.testng.SuiteRunner$SuiteWorker.run(SuiteRunner.java:393)
	at org.testng.internal.thread.ThreadUtil$2.call(ThreadUtil.java:64)
	at java.util.concurrent.FutureTask.run(Unknown Source)
	at java.util.concurrent.ThreadPoolExecutor.runWorker(Unknown Source)
	at java.util.concurrent.ThreadPoolExecutor$Worker.run(Unknown Source)
	at java.lang.Thread.run(Unknown Source)
]]>
    </error>
  </testcase> <!-- downloads -->
</testsuite> <!-- umtcpractice.DownloadsUMTC -->
