<?xml version="1.0" encoding="UTF-8"?>
<!-- Generated by org.testng.reporters.JUnitReportReporter -->
<testsuite hostname="LAPTOP-RC74JETD" name="umtcpractice.DownloadsUMTC" tests="2" failures="0" timestamp="6 Aug 2019 01:11:56 GMT" time="43.132" errors="0">
  <testcase name="downloads" time="39.015" classname="umtcpractice.DownloadsUMTC"/>
  <testcase name="lumagda" time="4.117" classname="umtcpractice.DownloadsUMTC"/>
</testsuite> <!-- umtcpractice.DownloadsUMTC -->
