<?xml version="1.0" encoding="UTF-8"?>
<!-- Generated by org.testng.reporters.JUnitReportReporter -->
<testsuite hostname="DESKTOP-388SHA4" name="umtcpractice.CoursesUMTC" tests="2" failures="0" timestamp="10 Jul 2019 06:10:17 GMT" time="23.478" errors="0">
  <testcase name="lumagda" time="8.234" classname="umtcpractice.CoursesUMTC"/>
  <testcase name="courses" time="15.244" classname="umtcpractice.CoursesUMTC"/>
</testsuite> <!-- umtcpractice.CoursesUMTC -->
