<?xml version="1.0" encoding="UTF-8"?>
<!-- Generated by org.testng.reporters.JUnitReportReporter -->
<testsuite hostname="LAPTOP-RC74JETD" name="umtcpractice.ExtentReport" tests="2" failures="0" timestamp="18 Jul 2019 06:14:04 GMT" time="11.401" errors="0">
  <testcase name="extentReportsDemo" time="11.204" classname="umtcpractice.ExtentReport"/>
  <testcase name="starttest" time="0.197" classname="umtcpractice.ExtentReport"/>
</testsuite> <!-- umtcpractice.ExtentReport -->
