<?xml version="1.0" encoding="UTF-8"?>
<!-- Generated by org.testng.reporters.JUnitReportReporter -->
<testsuite hostname="LAPTOP-RC74JETD" name="umtcpractice.FacilitiesUMTC" tests="2" failures="0" timestamp="17 Jul 2019 01:06:27 GMT" time="68.408" errors="0">
  <testcase name="Addfacilities" time="61.290" classname="umtcpractice.FacilitiesUMTC"/>
  <testcase name="lumagda" time="7.118" classname="umtcpractice.FacilitiesUMTC"/>
</testsuite> <!-- umtcpractice.FacilitiesUMTC -->
