<?xml version="1.0" encoding="UTF-8"?>
<!-- Generated by org.testng.reporters.JUnitReportReporter -->
<testsuite hostname="LAPTOP-RC74JETD" name="umtcpractice.CertificateUMTC" tests="2" failures="0" timestamp="17 Jul 2019 03:08:21 GMT" time="40.761" errors="0">
  <testcase name="robots" time="31.585" classname="umtcpractice.CertificateUMTC"/>
  <testcase name="lumagda" time="9.176" classname="umtcpractice.CertificateUMTC"/>
</testsuite> <!-- umtcpractice.CertificateUMTC -->
