<?xml version="1.0" encoding="UTF-8"?>
<!-- Generated by org.testng.reporters.JUnitReportReporter -->
<testsuite hostname="LAPTOP-RC74JETD" name="umtcpractice.DownloadsUMTC" tests="2" failures="0" timestamp="23 Jul 2019 03:59:09 GMT" time="36.767" errors="0">
  <testcase name="lumagda" time="8.260" classname="umtcpractice.DownloadsUMTC"/>
  <testcase name="downloads" time="28.507" classname="umtcpractice.DownloadsUMTC"/>
</testsuite> <!-- umtcpractice.DownloadsUMTC -->
