<?xml version="1.0" encoding="UTF-8"?>
<!-- Generated by org.testng.reporters.JUnitReportReporter -->
<testsuite hostname="LAPTOP-RC74JETD" name="umtcpractice.CareersUMTC" tests="2" failures="0" timestamp="15 Jul 2019 03:26:16 GMT" time="53.588" errors="0">
  <testcase name="careers" time="47.509" classname="umtcpractice.CareersUMTC"/>
  <testcase name="lumagda" time="6.079" classname="umtcpractice.CareersUMTC"/>
</testsuite> <!-- umtcpractice.CareersUMTC -->
