<?xml version="1.0" encoding="UTF-8"?>
<!-- Generated by org.testng.reporters.JUnitReportReporter -->
<testsuite hostname="DESKTOP-388SHA4" name="umtcpractice.DownloadsUMTC" tests="2" failures="0" timestamp="10 Jul 2019 04:58:16 GMT" time="60.699" errors="0">
  <testcase name="downloads" time="41.782" classname="umtcpractice.DownloadsUMTC"/>
  <testcase name="lumagda" time="18.917" classname="umtcpractice.DownloadsUMTC"/>
</testsuite> <!-- umtcpractice.DownloadsUMTC -->
