<?xml version="1.0" encoding="UTF-8"?>
<!-- Generated by org.testng.reporters.JUnitReportReporter -->
<testsuite hostname="LAPTOP-RC74JETD" name="umtcpractice.RestAssuredAPI" tests="1" failures="0" timestamp="30 Jul 2019 06:18:17 GMT" time="2.205" errors="0">
  <testcase name="GetWeatherDetails" time="2.205" classname="umtcpractice.RestAssuredAPI"/>
</testsuite> <!-- umtcpractice.RestAssuredAPI -->
