<?xml version="1.0" encoding="UTF-8"?>
<!-- Generated by org.testng.reporters.JUnitReportReporter -->
<testsuite hostname="LAPTOP-RC74JETD" name="umtcpractice.TimelineExpress" tests="2" failures="0" timestamp="16 Jul 2019 07:07:24 GMT" time="68.691" errors="0">
  <testcase name="timeline" time="59.366" classname="umtcpractice.TimelineExpress"/>
  <testcase name="lumagda" time="9.325" classname="umtcpractice.TimelineExpress"/>
</testsuite> <!-- umtcpractice.TimelineExpress -->
