<?xml version="1.0" encoding="UTF-8"?>
<!-- Generated by org.testng.reporters.JUnitReportReporter -->
<testsuite hostname="LAPTOP-RC74JETD" name="umtcpractice.SampleExtent" tests="1" failures="0" timestamp="22 Jul 2019 09:14:26 GMT" time="7.053" errors="0">
  <testcase name="Login" time="7.053" classname="umtcpractice.SampleExtent"/>
</testsuite> <!-- umtcpractice.SampleExtent -->
