<?xml version="1.0" encoding="UTF-8"?>
<!-- Generated by org.testng.reporters.JUnitReportReporter -->
<testsuite hostname="LAPTOP-RC74JETD" name="umtcpractice.SampleExtent" tests="1" failures="0" timestamp="21 Jul 2019 23:23:31 GMT" time="9.267" errors="0">
  <testcase name="Login" time="9.267" classname="umtcpractice.SampleExtent"/>
</testsuite> <!-- umtcpractice.SampleExtent -->
