<?xml version="1.0" encoding="UTF-8"?>
<!-- Generated by org.testng.reporters.JUnitReportReporter -->
<testsuite hostname="LAPTOP-RC74JETD" name="umtcpractice.DownloadsUMTC" tests="2" failures="0" timestamp="17 Jul 2019 01:28:16 GMT" time="45.603" errors="0">
  <testcase name="lumagda" time="12.015" classname="umtcpractice.DownloadsUMTC"/>
  <testcase name="downloads" time="33.588" classname="umtcpractice.DownloadsUMTC"/>
</testsuite> <!-- umtcpractice.DownloadsUMTC -->
