<?xml version="1.0" encoding="UTF-8"?>
<!-- Generated by org.testng.reporters.JUnitReportReporter -->
<testsuite hostname="LAPTOP-RC74JETD" name="umtcpractice.TimelineExpress" tests="2" failures="0" timestamp="16 Jul 2019 06:52:23 GMT" time="37.878" errors="0">
  <testcase name="timeline" time="28.466" classname="umtcpractice.TimelineExpress"/>
  <testcase name="lumagda" time="9.412" classname="umtcpractice.TimelineExpress"/>
</testsuite> <!-- umtcpractice.TimelineExpress -->
